21-Mar-2023 14:32:25.827 WARNING [main] org.apache.catalina.core.StandardServer.await 유효하지 않은 셧다운 명령 [GET /mvcMember/member/writeForm.jsp HTTP/1.1]을(를) 받았습니다.
21-Mar-2023 14:32:26.868 WARNING [main] org.apache.catalina.core.StandardServer.await 유효하지 않은 셧다운 명령 [GET /mvcMember/member/writeForm.jsp HTTP/1.1]을(를) 받았습니다.
21-Mar-2023 14:32:26.870 WARNING [main] org.apache.catalina.core.StandardServer.await 유효하지 않은 셧다운 명령 [GET /mvcMember/member/writeForm.jsp HTTP/1.1]을(를) 받았습니다.
21-Mar-2023 14:32:31.889 WARNING [main] org.apache.catalina.core.StandardServer.await 유효하지 않은 셧다운 명령 [GET /mvcMember/member/writeForm.jsp HTTP/1.1]을(를) 받았습니다.
21-Mar-2023 14:32:41.898 WARNING [main] org.apache.catalina.core.StandardServer.await 셧다운 명령을 읽으려 시도하는 중 IOException이 발생했습니다.
	java.net.SocketTimeoutException: Read timed out
		at java.base/java.net.SocketInputStream.socketRead0(Native Method)
		at java.base/java.net.SocketInputStream.socketRead(SocketInputStream.java:115)
		at java.base/java.net.SocketInputStream.read(SocketInputStream.java:168)
		at java.base/java.net.SocketInputStream.read(SocketInputStream.java:140)
		at java.base/java.net.SocketInputStream.read(SocketInputStream.java:200)
		at org.apache.catalina.core.StandardServer.await(StandardServer.java:637)
		at org.apache.catalina.startup.Catalina.await(Catalina.java:864)
		at org.apache.catalina.startup.Catalina.start(Catalina.java:810)
		at java.base/jdk.internal.reflect.NativeMethodAccessorImpl.invoke0(Native Method)
		at java.base/jdk.internal.reflect.NativeMethodAccessorImpl.invoke(NativeMethodAccessorImpl.java:62)
		at java.base/jdk.internal.reflect.DelegatingMethodAccessorImpl.invoke(DelegatingMethodAccessorImpl.java:43)
		at java.base/java.lang.reflect.Method.invoke(Method.java:566)
		at org.apache.catalina.startup.Bootstrap.start(Bootstrap.java:347)
		at org.apache.catalina.startup.Bootstrap.main(Bootstrap.java:478)
21-Mar-2023 14:32:41.900 WARNING [main] org.apache.catalina.core.StandardServer.await 유효하지 않은 셧다운 명령 []을(를) 받았습니다.
21-Mar-2023 14:33:01.909 WARNING [main] org.apache.catalina.core.StandardServer.await 유효하지 않은 셧다운 명령 [GET /mvcMember/member/writeForm.jsp HTTP/1.1]을(를) 받았습니다.
21-Mar-2023 14:33:11.912 WARNING [main] org.apache.catalina.core.StandardServer.await 셧다운 명령을 읽으려 시도하는 중 IOException이 발생했습니다.
	java.net.SocketTimeoutException: Read timed out
		at java.base/java.net.SocketInputStream.socketRead0(Native Method)
		at java.base/java.net.SocketInputStream.socketRead(SocketInputStream.java:115)
		at java.base/java.net.SocketInputStream.read(SocketInputStream.java:168)
		at java.base/java.net.SocketInputStream.read(SocketInputStream.java:140)
		at java.base/java.net.SocketInputStream.read(SocketInputStream.java:200)
		at org.apache.catalina.core.StandardServer.await(StandardServer.java:637)
		at org.apache.catalina.startup.Catalina.await(Catalina.java:864)
		at org.apache.catalina.startup.Catalina.start(Catalina.java:810)
		at java.base/jdk.internal.reflect.NativeMethodAccessorImpl.invoke0(Native Method)
		at java.base/jdk.internal.reflect.NativeMethodAccessorImpl.invoke(NativeMethodAccessorImpl.java:62)
		at java.base/jdk.internal.reflect.DelegatingMethodAccessorImpl.invoke(DelegatingMethodAccessorImpl.java:43)
		at java.base/java.lang.reflect.Method.invoke(Method.java:566)
		at org.apache.catalina.startup.Bootstrap.start(Bootstrap.java:347)
		at org.apache.catalina.startup.Bootstrap.main(Bootstrap.java:478)
21-Mar-2023 14:33:11.915 WARNING [main] org.apache.catalina.core.StandardServer.await 유효하지 않은 셧다운 명령 []을(를) 받았습니다.
21-Mar-2023 14:34:01.924 WARNING [main] org.apache.catalina.core.StandardServer.await 유효하지 않은 셧다운 명령 [GET /mvcMember/member/writeForm.jsp HTTP/1.1]을(를) 받았습니다.
21-Mar-2023 14:34:11.930 WARNING [main] org.apache.catalina.core.StandardServer.await 셧다운 명령을 읽으려 시도하는 중 IOException이 발생했습니다.
	java.net.SocketTimeoutException: Read timed out
		at java.base/java.net.SocketInputStream.socketRead0(Native Method)
		at java.base/java.net.SocketInputStream.socketRead(SocketInputStream.java:115)
		at java.base/java.net.SocketInputStream.read(SocketInputStream.java:168)
		at java.base/java.net.SocketInputStream.read(SocketInputStream.java:140)
		at java.base/java.net.SocketInputStream.read(SocketInputStream.java:200)
		at org.apache.catalina.core.StandardServer.await(StandardServer.java:637)
		at org.apache.catalina.startup.Catalina.await(Catalina.java:864)
		at org.apache.catalina.startup.Catalina.start(Catalina.java:810)
		at java.base/jdk.internal.reflect.NativeMethodAccessorImpl.invoke0(Native Method)
		at java.base/jdk.internal.reflect.NativeMethodAccessorImpl.invoke(NativeMethodAccessorImpl.java:62)
		at java.base/jdk.internal.reflect.DelegatingMethodAccessorImpl.invoke(DelegatingMethodAccessorImpl.java:43)
		at java.base/java.lang.reflect.Method.invoke(Method.java:566)
		at org.apache.catalina.startup.Bootstrap.start(Bootstrap.java:347)
		at org.apache.catalina.startup.Bootstrap.main(Bootstrap.java:478)
21-Mar-2023 14:34:11.931 WARNING [main] org.apache.catalina.core.StandardServer.await 유효하지 않은 셧다운 명령 []을(를) 받았습니다.
21-Mar-2023 14:39:01.949 WARNING [main] org.apache.catalina.core.StandardServer.await 유효하지 않은 셧다운 명령 [GET /mvcMember/member/writeForm.jsp HTTP/1.1]을(를) 받았습니다.
21-Mar-2023 14:39:11.953 WARNING [main] org.apache.catalina.core.StandardServer.await 셧다운 명령을 읽으려 시도하는 중 IOException이 발생했습니다.
	java.net.SocketTimeoutException: Read timed out
		at java.base/java.net.SocketInputStream.socketRead0(Native Method)
		at java.base/java.net.SocketInputStream.socketRead(SocketInputStream.java:115)
		at java.base/java.net.SocketInputStream.read(SocketInputStream.java:168)
		at java.base/java.net.SocketInputStream.read(SocketInputStream.java:140)
		at java.base/java.net.SocketInputStream.read(SocketInputStream.java:200)
		at org.apache.catalina.core.StandardServer.await(StandardServer.java:637)
		at org.apache.catalina.startup.Catalina.await(Catalina.java:864)
		at org.apache.catalina.startup.Catalina.start(Catalina.java:810)
		at java.base/jdk.internal.reflect.NativeMethodAccessorImpl.invoke0(Native Method)
		at java.base/jdk.internal.reflect.NativeMethodAccessorImpl.invoke(NativeMethodAccessorImpl.java:62)
		at java.base/jdk.internal.reflect.DelegatingMethodAccessorImpl.invoke(DelegatingMethodAccessorImpl.java:43)
		at java.base/java.lang.reflect.Method.invoke(Method.java:566)
		at org.apache.catalina.startup.Bootstrap.start(Bootstrap.java:347)
		at org.apache.catalina.startup.Bootstrap.main(Bootstrap.java:478)
21-Mar-2023 14:39:11.955 WARNING [main] org.apache.catalina.core.StandardServer.await 유효하지 않은 셧다운 명령 []을(를) 받았습니다.
21-Mar-2023 14:40:51.785 WARNING [main] org.apache.catalina.core.StandardServer.await 유효하지 않은 셧다운 명령 [GET /mvcMember/member/writeForm.do HTTP/1.1]을(를) 받았습니다.
21-Mar-2023 14:40:52.810 WARNING [main] org.apache.catalina.core.StandardServer.await 유효하지 않은 셧다운 명령 [GET /mvcMember/member/writeForm.do HTTP/1.1]을(를) 받았습니다.
21-Mar-2023 14:40:52.811 WARNING [main] org.apache.catalina.core.StandardServer.await 유효하지 않은 셧다운 명령 [GET /mvcMember/member/writeForm.do HTTP/1.1]을(를) 받았습니다.
21-Mar-2023 14:40:57.824 WARNING [main] org.apache.catalina.core.StandardServer.await 유효하지 않은 셧다운 명령 [GET /mvcMember/member/writeForm.do HTTP/1.1]을(를) 받았습니다.
21-Mar-2023 14:41:07.825 WARNING [main] org.apache.catalina.core.StandardServer.await 셧다운 명령을 읽으려 시도하는 중 IOException이 발생했습니다.
	java.net.SocketTimeoutException: Read timed out
		at java.base/java.net.SocketInputStream.socketRead0(Native Method)
		at java.base/java.net.SocketInputStream.socketRead(SocketInputStream.java:115)
		at java.base/java.net.SocketInputStream.read(SocketInputStream.java:168)
		at java.base/java.net.SocketInputStream.read(SocketInputStream.java:140)
		at java.base/java.net.SocketInputStream.read(SocketInputStream.java:200)
		at org.apache.catalina.core.StandardServer.await(StandardServer.java:637)
		at org.apache.catalina.startup.Catalina.await(Catalina.java:864)
		at org.apache.catalina.startup.Catalina.start(Catalina.java:810)
		at java.base/jdk.internal.reflect.NativeMethodAccessorImpl.invoke0(Native Method)
		at java.base/jdk.internal.reflect.NativeMethodAccessorImpl.invoke(NativeMethodAccessorImpl.java:62)
		at java.base/jdk.internal.reflect.DelegatingMethodAccessorImpl.invoke(DelegatingMethodAccessorImpl.java:43)
		at java.base/java.lang.reflect.Method.invoke(Method.java:566)
		at org.apache.catalina.startup.Bootstrap.start(Bootstrap.java:347)
		at org.apache.catalina.startup.Bootstrap.main(Bootstrap.java:478)
21-Mar-2023 14:41:07.827 WARNING [main] org.apache.catalina.core.StandardServer.await 유효하지 않은 셧다운 명령 []을(를) 받았습니다.
